<?xml version="1.0" encoding="UTF-8"?>
<testsuite name="com.virtuslab.internship.receipt.ReceiptGeneratorTest" tests="1" skipped="0" failures="0" errors="0" timestamp="2022-03-26T16:13:39" hostname="LAPTOP-M9EHKSNA" time="0.01">
  <properties/>
  <testcase name="shouldGenerateReceiptForGivenBasket()" classname="com.virtuslab.internship.receipt.ReceiptGeneratorTest" time="0.01"/>
  <system-out><![CDATA[]]></system-out>
  <system-err><![CDATA[]]></system-err>
</testsuite>
