<?xml version="1.0" encoding="UTF-8"?>
<testsuite name="com.virtuslab.internship.discount.FifteenPercentDiscountTest" tests="2" skipped="0" failures="0" errors="0" timestamp="2022-03-25T20:13:23" hostname="LAPTOP-M9EHKSNA" time="0.035">
  <properties/>
  <testcase name="shouldApply15PercentDiscountWhenBasketContainsAtLeast3Grains()" classname="com.virtuslab.internship.discount.FifteenPercentDiscountTest" time="0.033"/>
  <testcase name="shouldNotApply15PercentDiscountWhenBasketDoesntContainAtLeast3Grains()" classname="com.virtuslab.internship.discount.FifteenPercentDiscountTest" time="0.001"/>
  <system-out><![CDATA[]]></system-out>
  <system-err><![CDATA[]]></system-err>
</testsuite>
