<?xml version="1.0" encoding="UTF-8"?>
<testsuite name="com.virtuslab.internship.discount.TenPercentDiscountTest" tests="3" skipped="0" failures="0" errors="0" timestamp="2022-03-25T20:13:23" hostname="LAPTOP-M9EHKSNA" time="0.003">
  <properties/>
  <testcase name="ShouldNotApply10PercentDiscountWhenIsAlreadyApplied()" classname="com.virtuslab.internship.discount.TenPercentDiscountTest" time="0.0"/>
  <testcase name="shouldNotApply10PercentDiscountWhenPriceIsBelow50()" classname="com.virtuslab.internship.discount.TenPercentDiscountTest" time="0.001"/>
  <testcase name="shouldApply10PercentDiscountWhenPriceIsAbove50()" classname="com.virtuslab.internship.discount.TenPercentDiscountTest" time="0.001"/>
  <system-out><![CDATA[]]></system-out>
  <system-err><![CDATA[]]></system-err>
</testsuite>
